<?xml version="1.0" encoding="UTF-8"?>
<robot generator="Robot 6.0.1 (Python 3.8.9 on darwin)" generated="20221130 15:24:48.449" rpa="false" schemaversion="3">
<suite id="s1" name="Test Login Rf" source="/Users/nastya/Documents/PyCharmProjects/test_robotframework_AV/test_login_rf.robot">
<test id="s1-t1" name="Log in to the system" line="31">
<kw name="Open login page">
<kw name="Open Browser" library="SeleniumLibrary">
<arg>${LOGIN URL}</arg>
<arg>${BROWSER}</arg>
<doc>Opens a new browser instance to the optional ``url``.</doc>
<msg timestamp="20221130 15:24:48.772" level="INFO">Opening browser 'Chrome' to base url 'https://scouts-test.futbolkolektyw.pl/en'.</msg>
<status status="PASS" starttime="20221130 15:24:48.772" endtime="20221130 15:24:53.486"/>
</kw>
<kw name="Title Should Be" library="SeleniumLibrary">
<arg>Scouts panel - sign in</arg>
<doc>Verifies that the current page title equals ``title``.</doc>
<msg timestamp="20221130 15:24:53.493" level="INFO">Page title is 'Scouts panel - sign in'.</msg>
<status status="PASS" starttime="20221130 15:24:53.487" endtime="20221130 15:24:53.494"/>
</kw>
<status status="PASS" starttime="20221130 15:24:48.771" endtime="20221130 15:24:53.494"/>
</kw>
<kw name="Type in email">
<kw name="Input Text" library="SeleniumLibrary">
<arg>${EMAILINPUT}</arg>
<arg>user01@getnada.com</arg>
<doc>Types the given ``text`` into the text field identified by ``locator``.</doc>
<msg timestamp="20221130 15:24:53.497" level="INFO">Typing text 'user01@getnada.com' into text field 'xpath=//*[@id='login']'.</msg>
<status status="PASS" starttime="20221130 15:24:53.495" endtime="20221130 15:24:53.752"/>
</kw>
<status status="PASS" starttime="20221130 15:24:53.495" endtime="20221130 15:24:53.753"/>
</kw>
<kw name="Type in password">
<kw name="Input Text" library="SeleniumLibrary">
<arg>${PASSWORDINPUT}</arg>
<arg>Test-1234</arg>
<doc>Types the given ``text`` into the text field identified by ``locator``.</doc>
<msg timestamp="20221130 15:24:53.756" level="INFO">Typing text 'Test-1234' into text field 'xpath=//*[@id='password']'.</msg>
<status status="PASS" starttime="20221130 15:24:53.754" endtime="20221130 15:24:53.889"/>
</kw>
<status status="PASS" starttime="20221130 15:24:53.753" endtime="20221130 15:24:53.889"/>
</kw>
<kw name="Click on the submit button">
<kw name="Click Element" library="SeleniumLibrary">
<arg>xpath=//button[@type='submit']</arg>
<doc>Click the element identified by ``locator``.</doc>
<msg timestamp="20221130 15:24:53.891" level="INFO">Clicking element 'xpath=//button[@type='submit']'.</msg>
<status status="PASS" starttime="20221130 15:24:53.890" endtime="20221130 15:24:53.963"/>
</kw>
<status status="PASS" starttime="20221130 15:24:53.889" endtime="20221130 15:24:53.963"/>
</kw>
<kw name="Assert dashboard">
<kw name="Wait Until Element Is Visible" library="SeleniumLibrary">
<arg>${PAGELOGO}</arg>
<doc>Waits until the element ``locator`` is visible.</doc>
<status status="PASS" starttime="20221130 15:24:53.964" endtime="20221130 15:24:55.511"/>
</kw>
<kw name="Title Should Be" library="SeleniumLibrary">
<arg>Scouts panel</arg>
<doc>Verifies that the current page title equals ``title``.</doc>
<msg timestamp="20221130 15:24:55.516" level="INFO">Page title is 'Scouts panel'.</msg>
<status status="PASS" starttime="20221130 15:24:55.511" endtime="20221130 15:24:55.516"/>
</kw>
<kw name="Capture Page Screenshot" library="SeleniumLibrary">
<arg>alert.png</arg>
<doc>Takes a screenshot of the current page and embeds it into a log file.</doc>
<msg timestamp="20221130 15:24:55.893" level="INFO" html="true">&lt;/td&gt;&lt;/tr&gt;&lt;tr&gt;&lt;td colspan="3"&gt;&lt;a href="alert.png"&gt;&lt;img src="alert.png" width="800px"&gt;&lt;/a&gt;</msg>
<status status="PASS" starttime="20221130 15:24:55.516" endtime="20221130 15:24:55.894"/>
</kw>
<status status="PASS" starttime="20221130 15:24:53.963" endtime="20221130 15:24:55.894"/>
</kw>
<kw name="Close Browser" library="SeleniumLibrary">
<doc>Closes the current browser.</doc>
<status status="PASS" starttime="20221130 15:24:55.895" endtime="20221130 15:24:56.039"/>
</kw>
<status status="PASS" starttime="20221130 15:24:48.770" endtime="20221130 15:24:56.040"/>
</test>
<test id="s1-t2" name="Add a player" line="39">
<kw name="Open login page">
<kw name="Open Browser" library="SeleniumLibrary">
<arg>${LOGIN URL}</arg>
<arg>${BROWSER}</arg>
<doc>Opens a new browser instance to the optional ``url``.</doc>
<msg timestamp="20221130 15:24:56.046" level="INFO">Opening browser 'Chrome' to base url 'https://scouts-test.futbolkolektyw.pl/en'.</msg>
<status status="PASS" starttime="20221130 15:24:56.044" endtime="20221130 15:24:59.589"/>
</kw>
<kw name="Title Should Be" library="SeleniumLibrary">
<arg>Scouts panel - sign in</arg>
<doc>Verifies that the current page title equals ``title``.</doc>
<msg timestamp="20221130 15:24:59.600" level="INFO">Page title is 'Scouts panel - sign in'.</msg>
<status status="PASS" starttime="20221130 15:24:59.590" endtime="20221130 15:24:59.600"/>
</kw>
<status status="PASS" starttime="20221130 15:24:56.044" endtime="20221130 15:24:59.601"/>
</kw>
<kw name="Type in email">
<kw name="Input Text" library="SeleniumLibrary">
<arg>${EMAILINPUT}</arg>
<arg>user01@getnada.com</arg>
<doc>Types the given ``text`` into the text field identified by ``locator``.</doc>
<msg timestamp="20221130 15:24:59.603" level="INFO">Typing text 'user01@getnada.com' into text field 'xpath=//*[@id='login']'.</msg>
<status status="PASS" starttime="20221130 15:24:59.602" endtime="20221130 15:24:59.907"/>
</kw>
<status status="PASS" starttime="20221130 15:24:59.601" endtime="20221130 15:24:59.908"/>
</kw>
<kw name="Type in password">
<kw name="Input Text" library="SeleniumLibrary">
<arg>${PASSWORDINPUT}</arg>
<arg>Test-1234</arg>
<doc>Types the given ``text`` into the text field identified by ``locator``.</doc>
<msg timestamp="20221130 15:24:59.909" level="INFO">Typing text 'Test-1234' into text field 'xpath=//*[@id='password']'.</msg>
<status status="PASS" starttime="20221130 15:24:59.908" endtime="20221130 15:25:00.061"/>
</kw>
<status status="PASS" starttime="20221130 15:24:59.908" endtime="20221130 15:25:00.062"/>
</kw>
<kw name="Click on the submit button">
<kw name="Click Element" library="SeleniumLibrary">
<arg>xpath=//button[@type='submit']</arg>
<doc>Click the element identified by ``locator``.</doc>
<msg timestamp="20221130 15:25:00.063" level="INFO">Clicking element 'xpath=//button[@type='submit']'.</msg>
<status status="PASS" starttime="20221130 15:25:00.063" endtime="20221130 15:25:00.135"/>
</kw>
<status status="PASS" starttime="20221130 15:25:00.062" endtime="20221130 15:25:00.135"/>
</kw>
<kw name="Assert dashboard">
<kw name="Wait Until Element Is Visible" library="SeleniumLibrary">
<arg>${PAGELOGO}</arg>
<doc>Waits until the element ``locator`` is visible.</doc>
<status status="PASS" starttime="20221130 15:25:00.136" endtime="20221130 15:25:01.291"/>
</kw>
<kw name="Title Should Be" library="SeleniumLibrary">
<arg>Scouts panel</arg>
<doc>Verifies that the current page title equals ``title``.</doc>
<msg timestamp="20221130 15:25:01.296" level="INFO">Page title is 'Scouts panel'.</msg>
<status status="PASS" starttime="20221130 15:25:01.291" endtime="20221130 15:25:01.296"/>
</kw>
<kw name="Capture Page Screenshot" library="SeleniumLibrary">
<arg>alert.png</arg>
<doc>Takes a screenshot of the current page and embeds it into a log file.</doc>
<msg timestamp="20221130 15:25:01.650" level="INFO" html="true">&lt;/td&gt;&lt;/tr&gt;&lt;tr&gt;&lt;td colspan="3"&gt;&lt;a href="alert.png"&gt;&lt;img src="alert.png" width="800px"&gt;&lt;/a&gt;</msg>
<status status="PASS" starttime="20221130 15:25:01.296" endtime="20221130 15:25:01.650"/>
</kw>
<status status="PASS" starttime="20221130 15:25:00.135" endtime="20221130 15:25:01.650"/>
</kw>
<kw name="Click Add player button">
<kw name="Click Element" library="SeleniumLibrary">
<arg>xpath=//div[2]/div/div/a/button/span[1]</arg>
<doc>Click the element identified by ``locator``.</doc>
<msg timestamp="20221130 15:25:01.651" level="INFO">Clicking element 'xpath=//div[2]/div/div/a/button/span[1]'.</msg>
<status status="PASS" starttime="20221130 15:25:01.651" endtime="20221130 15:25:01.717"/>
</kw>
<status status="PASS" starttime="20221130 15:25:01.650" endtime="20221130 15:25:01.717"/>
</kw>
<kw name="Type in player's email">
<kw name="Input Text" library="SeleniumLibrary">
<arg>${PLAYERSEMAIL}</arg>
<arg>1234@gmail.com</arg>
<doc>Types the given ``text`` into the text field identified by ``locator``.</doc>
<msg timestamp="20221130 15:25:01.720" level="INFO">Typing text '1234@gmail.com' into text field 'xpath=//div[1]/div/div/input'.</msg>
<status status="PASS" starttime="20221130 15:25:01.719" endtime="20221130 15:25:02.033"/>
</kw>
<status status="PASS" starttime="20221130 15:25:01.718" endtime="20221130 15:25:02.033"/>
</kw>
<kw name="Type in player's name">
<kw name="Input Text" library="SeleniumLibrary">
<arg>${PLAYERSNAME}</arg>
<arg>A</arg>
<doc>Types the given ``text`` into the text field identified by ``locator``.</doc>
<msg timestamp="20221130 15:25:02.035" level="INFO">Typing text 'A' into text field 'xpath=//div[2]/div/div/input'.</msg>
<status status="PASS" starttime="20221130 15:25:02.034" endtime="20221130 15:25:02.167"/>
</kw>
<status status="PASS" starttime="20221130 15:25:02.033" endtime="20221130 15:25:02.167"/>
</kw>
<kw name="Type in player's surname">
<kw name="Input Text" library="SeleniumLibrary">
<arg>${PLAYERSSURNAME}</arg>
<arg>B</arg>
<doc>Types the given ``text`` into the text field identified by ``locator``.</doc>
<msg timestamp="20221130 15:25:02.169" level="INFO">Typing text 'B' into text field 'xpath=//div[3]/div/div/input'.</msg>
<status status="PASS" starttime="20221130 15:25:02.169" endtime="20221130 15:25:02.333"/>
</kw>
<status status="PASS" starttime="20221130 15:25:02.168" endtime="20221130 15:25:02.333"/>
</kw>
<kw name="Type in player's phone">
<kw name="Input Text" library="SeleniumLibrary">
<arg>${PLAYERSPHONE}</arg>
<arg>12345678</arg>
<doc>Types the given ``text`` into the text field identified by ``locator``.</doc>
<msg timestamp="20221130 15:25:02.335" level="INFO">Typing text '12345678' into text field 'xpath=//div[4]/div/div/input'.</msg>
<status status="PASS" starttime="20221130 15:25:02.334" endtime="20221130 15:25:02.524"/>
</kw>
<status status="PASS" starttime="20221130 15:25:02.334" endtime="20221130 15:25:02.524"/>
</kw>
<kw name="Type in player's weight">
<kw name="Input Text" library="SeleniumLibrary">
<arg>${PLAYERSWEIGHT}</arg>
<arg>80</arg>
<doc>Types the given ``text`` into the text field identified by ``locator``.</doc>
<msg timestamp="20221130 15:25:02.526" level="INFO">Typing text '80' into text field 'xpath=//div[5]/div/div/input'.</msg>
<status status="PASS" starttime="20221130 15:25:02.525" endtime="20221130 15:25:02.656"/>
</kw>
<status status="PASS" starttime="20221130 15:25:02.525" endtime="20221130 15:25:02.656"/>
</kw>
<kw name="Select player's leg">
<kw name="Click Element" library="SeleniumLibrary">
<arg>xpath=//*[@id='mui-component-select-leg']</arg>
<doc>Click the element identified by ``locator``.</doc>
<msg timestamp="20221130 15:25:02.659" level="INFO">Clicking element 'xpath=//*[@id='mui-component-select-leg']'.</msg>
<status status="PASS" starttime="20221130 15:25:02.658" endtime="20221130 15:25:02.739"/>
</kw>
<kw name="Click Element" library="SeleniumLibrary">
<arg>xpath=//*[@id='menu-leg']/div[3]/ul/li[1]</arg>
<doc>Click the element identified by ``locator``.</doc>
<msg timestamp="20221130 15:25:02.740" level="INFO">Clicking element 'xpath=//*[@id='menu-leg']/div[3]/ul/li[1]'.</msg>
<status status="PASS" starttime="20221130 15:25:02.739" endtime="20221130 15:25:02.823"/>
</kw>
<status status="PASS" starttime="20221130 15:25:02.657" endtime="20221130 15:25:02.823"/>
</kw>
<kw name="Type in player's age">
<kw name="Input Text" library="SeleniumLibrary">
<arg>${PLAYERSAGE}</arg>
<arg>10102000</arg>
<doc>Types the given ``text`` into the text field identified by ``locator``.</doc>
<msg timestamp="20221130 15:25:02.826" level="INFO">Typing text '10102000' into text field 'xpath=//div[7]/div/div/input'.</msg>
<status status="PASS" starttime="20221130 15:25:02.824" endtime="20221130 15:25:02.994"/>
</kw>
<status status="PASS" starttime="20221130 15:25:02.824" endtime="20221130 15:25:02.994"/>
</kw>
<kw name="Type in player's main position">
<kw name="Input Text" library="SeleniumLibrary">
<arg>${PLAYERSMAINPOSITION}</arg>
<arg>goalkeeper</arg>
<doc>Types the given ``text`` into the text field identified by ``locator``.</doc>
<msg timestamp="20221130 15:25:02.996" level="INFO">Typing text 'goalkeeper' into text field 'xpath=//div[11]/div/div/input'.</msg>
<status status="PASS" starttime="20221130 15:25:02.995" endtime="20221130 15:25:03.169"/>
</kw>
<status status="PASS" starttime="20221130 15:25:02.994" endtime="20221130 15:25:03.170"/>
</kw>
<kw name="Click Submit button">
<kw name="Click Element" library="SeleniumLibrary">
<arg>xpath=//div[3]/button[1]</arg>
<doc>Click the element identified by ``locator``.</doc>
<msg timestamp="20221130 15:25:03.171" level="INFO">Clicking element 'xpath=//div[3]/button[1]'.</msg>
<status status="PASS" starttime="20221130 15:25:03.171" endtime="20221130 15:25:03.288"/>
</kw>
<status status="PASS" starttime="20221130 15:25:03.170" endtime="20221130 15:25:03.288"/>
</kw>
<kw name="Check that player is added">
<kw name="Wait Until Element Is Visible" library="SeleniumLibrary">
<arg>${PLAYERADDED}</arg>
<doc>Waits until the element ``locator`` is visible.</doc>
<status status="PASS" starttime="20221130 15:25:03.289" endtime="20221130 15:25:03.787"/>
</kw>
<status status="PASS" starttime="20221130 15:25:03.288" endtime="20221130 15:25:03.787"/>
</kw>
<kw name="Close Browser" library="SeleniumLibrary">
<doc>Closes the current browser.</doc>
<status status="PASS" starttime="20221130 15:25:03.788" endtime="20221130 15:25:03.941"/>
</kw>
<status status="PASS" starttime="20221130 15:24:56.041" endtime="20221130 15:25:03.943"/>
</test>
<test id="s1-t3" name="Login to the system with invalid credentials" line="58">
<kw name="Open login page">
<kw name="Open Browser" library="SeleniumLibrary">
<arg>${LOGIN URL}</arg>
<arg>${BROWSER}</arg>
<doc>Opens a new browser instance to the optional ``url``.</doc>
<msg timestamp="20221130 15:25:03.948" level="INFO">Opening browser 'Chrome' to base url 'https://scouts-test.futbolkolektyw.pl/en'.</msg>
<status status="PASS" starttime="20221130 15:25:03.947" endtime="20221130 15:25:08.006"/>
</kw>
<kw name="Title Should Be" library="SeleniumLibrary">
<arg>Scouts panel - sign in</arg>
<doc>Verifies that the current page title equals ``title``.</doc>
<msg timestamp="20221130 15:25:08.017" level="INFO">Page title is 'Scouts panel - sign in'.</msg>
<status status="PASS" starttime="20221130 15:25:08.007" endtime="20221130 15:25:08.017"/>
</kw>
<status status="PASS" starttime="20221130 15:25:03.946" endtime="20221130 15:25:08.018"/>
</kw>
<kw name="Type in invalid email">
<kw name="Input Text" library="SeleniumLibrary">
<arg>${EMAILINPUT}</arg>
<arg>user01@getnada2.com</arg>
<doc>Types the given ``text`` into the text field identified by ``locator``.</doc>
<msg timestamp="20221130 15:25:08.020" level="INFO">Typing text 'user01@getnada2.com' into text field 'xpath=//*[@id='login']'.</msg>
<status status="PASS" starttime="20221130 15:25:08.019" endtime="20221130 15:25:08.307"/>
</kw>
<status status="PASS" starttime="20221130 15:25:08.018" endtime="20221130 15:25:08.307"/>
</kw>
<kw name="Type in invalid password">
<kw name="Input Text" library="SeleniumLibrary">
<arg>${PASSWORDINPUT}</arg>
<arg>Test-4321</arg>
<doc>Types the given ``text`` into the text field identified by ``locator``.</doc>
<msg timestamp="20221130 15:25:08.309" level="INFO">Typing text 'Test-4321' into text field 'xpath=//*[@id='password']'.</msg>
<status status="PASS" starttime="20221130 15:25:08.308" endtime="20221130 15:25:08.452"/>
</kw>
<status status="PASS" starttime="20221130 15:25:08.307" endtime="20221130 15:25:08.453"/>
</kw>
<kw name="Click on the submit button">
<kw name="Click Element" library="SeleniumLibrary">
<arg>xpath=//button[@type='submit']</arg>
<doc>Click the element identified by ``locator``.</doc>
<msg timestamp="20221130 15:25:08.455" level="INFO">Clicking element 'xpath=//button[@type='submit']'.</msg>
<status status="PASS" starttime="20221130 15:25:08.454" endtime="20221130 15:25:08.527"/>
</kw>
<status status="PASS" starttime="20221130 15:25:08.453" endtime="20221130 15:25:08.528"/>
</kw>
<kw name="Check Identifier or password invalid message">
<kw name="Wait Until Element Is Visible" library="SeleniumLibrary">
<arg>${IDENTIFIERORPASSWORDINVALID}</arg>
<doc>Waits until the element ``locator`` is visible.</doc>
<status status="PASS" starttime="20221130 15:25:08.529" endtime="20221130 15:25:09.219"/>
</kw>
<status status="PASS" starttime="20221130 15:25:08.528" endtime="20221130 15:25:09.219"/>
</kw>
<kw name="Close Browser" library="SeleniumLibrary">
<doc>Closes the current browser.</doc>
<status status="PASS" starttime="20221130 15:25:09.219" endtime="20221130 15:25:09.366"/>
</kw>
<status status="PASS" starttime="20221130 15:25:03.944" endtime="20221130 15:25:09.367"/>
</test>
<test id="s1-t4" name="Changing the language of the dashboard" line="66">
<kw name="Open login page">
<kw name="Open Browser" library="SeleniumLibrary">
<arg>${LOGIN URL}</arg>
<arg>${BROWSER}</arg>
<doc>Opens a new browser instance to the optional ``url``.</doc>
<msg timestamp="20221130 15:25:09.369" level="INFO">Opening browser 'Chrome' to base url 'https://scouts-test.futbolkolektyw.pl/en'.</msg>
<status status="PASS" starttime="20221130 15:25:09.368" endtime="20221130 15:25:13.703"/>
</kw>
<kw name="Title Should Be" library="SeleniumLibrary">
<arg>Scouts panel - sign in</arg>
<doc>Verifies that the current page title equals ``title``.</doc>
<msg timestamp="20221130 15:25:13.711" level="INFO">Page title is 'Scouts panel - sign in'.</msg>
<status status="PASS" starttime="20221130 15:25:13.704" endtime="20221130 15:25:13.711"/>
</kw>
<status status="PASS" starttime="20221130 15:25:09.368" endtime="20221130 15:25:13.712"/>
</kw>
<kw name="Type in email">
<kw name="Input Text" library="SeleniumLibrary">
<arg>${EMAILINPUT}</arg>
<arg>user01@getnada.com</arg>
<doc>Types the given ``text`` into the text field identified by ``locator``.</doc>
<msg timestamp="20221130 15:25:13.713" level="INFO">Typing text 'user01@getnada.com' into text field 'xpath=//*[@id='login']'.</msg>
<status status="PASS" starttime="20221130 15:25:13.712" endtime="20221130 15:25:13.998"/>
</kw>
<status status="PASS" starttime="20221130 15:25:13.712" endtime="20221130 15:25:13.999"/>
</kw>
<kw name="Type in password">
<kw name="Input Text" library="SeleniumLibrary">
<arg>${PASSWORDINPUT}</arg>
<arg>Test-1234</arg>
<doc>Types the given ``text`` into the text field identified by ``locator``.</doc>
<msg timestamp="20221130 15:25:14.000" level="INFO">Typing text 'Test-1234' into text field 'xpath=//*[@id='password']'.</msg>
<status status="PASS" starttime="20221130 15:25:13.999" endtime="20221130 15:25:14.147"/>
</kw>
<status status="PASS" starttime="20221130 15:25:13.999" endtime="20221130 15:25:14.148"/>
</kw>
<kw name="Click on the submit button">
<kw name="Click Element" library="SeleniumLibrary">
<arg>xpath=//button[@type='submit']</arg>
<doc>Click the element identified by ``locator``.</doc>
<msg timestamp="20221130 15:25:14.150" level="INFO">Clicking element 'xpath=//button[@type='submit']'.</msg>
<status status="PASS" starttime="20221130 15:25:14.149" endtime="20221130 15:25:14.216"/>
</kw>
<status status="PASS" starttime="20221130 15:25:14.148" endtime="20221130 15:25:14.216"/>
</kw>
<kw name="Assert dashboard">
<kw name="Wait Until Element Is Visible" library="SeleniumLibrary">
<arg>${PAGELOGO}</arg>
<doc>Waits until the element ``locator`` is visible.</doc>
<status status="PASS" starttime="20221130 15:25:14.217" endtime="20221130 15:25:15.631"/>
</kw>
<kw name="Title Should Be" library="SeleniumLibrary">
<arg>Scouts panel</arg>
<doc>Verifies that the current page title equals ``title``.</doc>
<msg timestamp="20221130 15:25:15.635" level="INFO">Page title is 'Scouts panel'.</msg>
<status status="PASS" starttime="20221130 15:25:15.631" endtime="20221130 15:25:15.636"/>
</kw>
<kw name="Capture Page Screenshot" library="SeleniumLibrary">
<arg>alert.png</arg>
<doc>Takes a screenshot of the current page and embeds it into a log file.</doc>
<msg timestamp="20221130 15:25:15.992" level="INFO" html="true">&lt;/td&gt;&lt;/tr&gt;&lt;tr&gt;&lt;td colspan="3"&gt;&lt;a href="alert.png"&gt;&lt;img src="alert.png" width="800px"&gt;&lt;/a&gt;</msg>
<status status="PASS" starttime="20221130 15:25:15.636" endtime="20221130 15:25:15.993"/>
</kw>
<status status="PASS" starttime="20221130 15:25:14.217" endtime="20221130 15:25:15.993"/>
</kw>
<kw name="Click on the language button">
<kw name="Click Element" library="SeleniumLibrary">
<arg>${LANGUAGESELECTOR}</arg>
<doc>Click the element identified by ``locator``.</doc>
<msg timestamp="20221130 15:25:15.994" level="INFO">Clicking element 'xpath=//ul[2]/div[1]/div[2]/span'.</msg>
<status status="PASS" starttime="20221130 15:25:15.993" endtime="20221130 15:25:16.087"/>
</kw>
<status status="PASS" starttime="20221130 15:25:15.993" endtime="20221130 15:25:16.088"/>
</kw>
<kw name="Assert language">
<kw name="Element Text Should Be" library="SeleniumLibrary">
<arg>${LANGUAGESELECTOR}</arg>
<arg>English</arg>
<doc>Verifies that element ``locator`` contains exact the text ``expected``.</doc>
<msg timestamp="20221130 15:25:16.091" level="INFO">Verifying element 'xpath=//ul[2]/div[1]/div[2]/span' contains exact text 'English'.</msg>
<status status="PASS" starttime="20221130 15:25:16.089" endtime="20221130 15:25:16.131"/>
</kw>
<status status="PASS" starttime="20221130 15:25:16.088" endtime="20221130 15:25:16.132"/>
</kw>
<kw name="Close Browser" library="SeleniumLibrary">
<doc>Closes the current browser.</doc>
<status status="PASS" starttime="20221130 15:25:16.132" endtime="20221130 15:25:16.237"/>
</kw>
<status status="PASS" starttime="20221130 15:25:09.367" endtime="20221130 15:25:16.238"/>
</test>
<test id="s1-t5" name="Adding a player to the database without a name" line="76">
<kw name="Open login page">
<kw name="Open Browser" library="SeleniumLibrary">
<arg>${LOGIN URL}</arg>
<arg>${BROWSER}</arg>
<doc>Opens a new browser instance to the optional ``url``.</doc>
<msg timestamp="20221130 15:25:16.244" level="INFO">Opening browser 'Chrome' to base url 'https://scouts-test.futbolkolektyw.pl/en'.</msg>
<status status="PASS" starttime="20221130 15:25:16.242" endtime="20221130 15:25:20.168"/>
</kw>
<kw name="Title Should Be" library="SeleniumLibrary">
<arg>Scouts panel - sign in</arg>
<doc>Verifies that the current page title equals ``title``.</doc>
<msg timestamp="20221130 15:25:20.177" level="INFO">Page title is 'Scouts panel - sign in'.</msg>
<status status="PASS" starttime="20221130 15:25:20.169" endtime="20221130 15:25:20.177"/>
</kw>
<status status="PASS" starttime="20221130 15:25:16.241" endtime="20221130 15:25:20.178"/>
</kw>
<kw name="Type in email">
<kw name="Input Text" library="SeleniumLibrary">
<arg>${EMAILINPUT}</arg>
<arg>user01@getnada.com</arg>
<doc>Types the given ``text`` into the text field identified by ``locator``.</doc>
<msg timestamp="20221130 15:25:20.180" level="INFO">Typing text 'user01@getnada.com' into text field 'xpath=//*[@id='login']'.</msg>
<status status="PASS" starttime="20221130 15:25:20.179" endtime="20221130 15:25:20.490"/>
</kw>
<status status="PASS" starttime="20221130 15:25:20.178" endtime="20221130 15:25:20.490"/>
</kw>
<kw name="Type in password">
<kw name="Input Text" library="SeleniumLibrary">
<arg>${PASSWORDINPUT}</arg>
<arg>Test-1234</arg>
<doc>Types the given ``text`` into the text field identified by ``locator``.</doc>
<msg timestamp="20221130 15:25:20.492" level="INFO">Typing text 'Test-1234' into text field 'xpath=//*[@id='password']'.</msg>
<status status="PASS" starttime="20221130 15:25:20.491" endtime="20221130 15:25:20.646"/>
</kw>
<status status="PASS" starttime="20221130 15:25:20.490" endtime="20221130 15:25:20.646"/>
</kw>
<kw name="Click on the submit button">
<kw name="Click Element" library="SeleniumLibrary">
<arg>xpath=//button[@type='submit']</arg>
<doc>Click the element identified by ``locator``.</doc>
<msg timestamp="20221130 15:25:20.648" level="INFO">Clicking element 'xpath=//button[@type='submit']'.</msg>
<status status="PASS" starttime="20221130 15:25:20.647" endtime="20221130 15:25:20.713"/>
</kw>
<status status="PASS" starttime="20221130 15:25:20.647" endtime="20221130 15:25:20.713"/>
</kw>
<kw name="Assert dashboard">
<kw name="Wait Until Element Is Visible" library="SeleniumLibrary">
<arg>${PAGELOGO}</arg>
<doc>Waits until the element ``locator`` is visible.</doc>
<status status="PASS" starttime="20221130 15:25:20.714" endtime="20221130 15:25:22.056"/>
</kw>
<kw name="Title Should Be" library="SeleniumLibrary">
<arg>Scouts panel</arg>
<doc>Verifies that the current page title equals ``title``.</doc>
<msg timestamp="20221130 15:25:22.061" level="INFO">Page title is 'Scouts panel'.</msg>
<status status="PASS" starttime="20221130 15:25:22.056" endtime="20221130 15:25:22.061"/>
</kw>
<kw name="Capture Page Screenshot" library="SeleniumLibrary">
<arg>alert.png</arg>
<doc>Takes a screenshot of the current page and embeds it into a log file.</doc>
<msg timestamp="20221130 15:25:22.426" level="INFO" html="true">&lt;/td&gt;&lt;/tr&gt;&lt;tr&gt;&lt;td colspan="3"&gt;&lt;a href="alert.png"&gt;&lt;img src="alert.png" width="800px"&gt;&lt;/a&gt;</msg>
<status status="PASS" starttime="20221130 15:25:22.062" endtime="20221130 15:25:22.426"/>
</kw>
<status status="PASS" starttime="20221130 15:25:20.713" endtime="20221130 15:25:22.426"/>
</kw>
<kw name="Click Add player button">
<kw name="Click Element" library="SeleniumLibrary">
<arg>xpath=//div[2]/div/div/a/button/span[1]</arg>
<doc>Click the element identified by ``locator``.</doc>
<msg timestamp="20221130 15:25:22.429" level="INFO">Clicking element 'xpath=//div[2]/div/div/a/button/span[1]'.</msg>
<status status="PASS" starttime="20221130 15:25:22.428" endtime="20221130 15:25:22.496"/>
</kw>
<status status="PASS" starttime="20221130 15:25:22.427" endtime="20221130 15:25:22.496"/>
</kw>
<kw name="Type in player's email">
<kw name="Input Text" library="SeleniumLibrary">
<arg>${PLAYERSEMAIL}</arg>
<arg>1234@gmail.com</arg>
<doc>Types the given ``text`` into the text field identified by ``locator``.</doc>
<msg timestamp="20221130 15:25:22.498" level="INFO">Typing text '1234@gmail.com' into text field 'xpath=//div[1]/div/div/input'.</msg>
<status status="PASS" starttime="20221130 15:25:22.497" endtime="20221130 15:25:22.825"/>
</kw>
<status status="PASS" starttime="20221130 15:25:22.497" endtime="20221130 15:25:22.825"/>
</kw>
<kw name="Don't type in player's name">
<kw name="Click Element" library="SeleniumLibrary">
<arg>${PLAYERSNAME}</arg>
<doc>Click the element identified by ``locator``.</doc>
<msg timestamp="20221130 15:25:22.827" level="INFO">Clicking element 'xpath=//div[2]/div/div/input'.</msg>
<status status="PASS" starttime="20221130 15:25:22.827" endtime="20221130 15:25:22.917"/>
</kw>
<status status="PASS" starttime="20221130 15:25:22.826" endtime="20221130 15:25:22.917"/>
</kw>
<kw name="Type in player's surname">
<kw name="Input Text" library="SeleniumLibrary">
<arg>${PLAYERSSURNAME}</arg>
<arg>B</arg>
<doc>Types the given ``text`` into the text field identified by ``locator``.</doc>
<msg timestamp="20221130 15:25:22.919" level="INFO">Typing text 'B' into text field 'xpath=//div[3]/div/div/input'.</msg>
<status status="PASS" starttime="20221130 15:25:22.918" endtime="20221130 15:25:23.057"/>
</kw>
<status status="PASS" starttime="20221130 15:25:22.917" endtime="20221130 15:25:23.057"/>
</kw>
<kw name="Type in player's phone">
<kw name="Input Text" library="SeleniumLibrary">
<arg>${PLAYERSPHONE}</arg>
<arg>12345678</arg>
<doc>Types the given ``text`` into the text field identified by ``locator``.</doc>
<msg timestamp="20221130 15:25:23.061" level="INFO">Typing text '12345678' into text field 'xpath=//div[4]/div/div/input'.</msg>
<status status="PASS" starttime="20221130 15:25:23.059" endtime="20221130 15:25:23.221"/>
</kw>
<status status="PASS" starttime="20221130 15:25:23.058" endtime="20221130 15:25:23.221"/>
</kw>
<kw name="Type in player's weight">
<kw name="Input Text" library="SeleniumLibrary">
<arg>${PLAYERSWEIGHT}</arg>
<arg>80</arg>
<doc>Types the given ``text`` into the text field identified by ``locator``.</doc>
<msg timestamp="20221130 15:25:23.223" level="INFO">Typing text '80' into text field 'xpath=//div[5]/div/div/input'.</msg>
<status status="PASS" starttime="20221130 15:25:23.222" endtime="20221130 15:25:23.343"/>
</kw>
<status status="PASS" starttime="20221130 15:25:23.222" endtime="20221130 15:25:23.343"/>
</kw>
<kw name="Select player's leg">
<kw name="Click Element" library="SeleniumLibrary">
<arg>xpath=//*[@id='mui-component-select-leg']</arg>
<doc>Click the element identified by ``locator``.</doc>
<msg timestamp="20221130 15:25:23.345" level="INFO">Clicking element 'xpath=//*[@id='mui-component-select-leg']'.</msg>
<status status="PASS" starttime="20221130 15:25:23.344" endtime="20221130 15:25:23.425"/>
</kw>
<kw name="Click Element" library="SeleniumLibrary">
<arg>xpath=//*[@id='menu-leg']/div[3]/ul/li[1]</arg>
<doc>Click the element identified by ``locator``.</doc>
<msg timestamp="20221130 15:25:23.427" level="INFO">Clicking element 'xpath=//*[@id='menu-leg']/div[3]/ul/li[1]'.</msg>
<status status="PASS" starttime="20221130 15:25:23.426" endtime="20221130 15:25:23.504"/>
</kw>
<status status="PASS" starttime="20221130 15:25:23.343" endtime="20221130 15:25:23.505"/>
</kw>
<kw name="Type in player's age">
<kw name="Input Text" library="SeleniumLibrary">
<arg>${PLAYERSAGE}</arg>
<arg>10102000</arg>
<doc>Types the given ``text`` into the text field identified by ``locator``.</doc>
<msg timestamp="20221130 15:25:23.508" level="INFO">Typing text '10102000' into text field 'xpath=//div[7]/div/div/input'.</msg>
<status status="PASS" starttime="20221130 15:25:23.506" endtime="20221130 15:25:23.669"/>
</kw>
<status status="PASS" starttime="20221130 15:25:23.505" endtime="20221130 15:25:23.670"/>
</kw>
<kw name="Type in player's main position">
<kw name="Input Text" library="SeleniumLibrary">
<arg>${PLAYERSMAINPOSITION}</arg>
<arg>goalkeeper</arg>
<doc>Types the given ``text`` into the text field identified by ``locator``.</doc>
<msg timestamp="20221130 15:25:23.671" level="INFO">Typing text 'goalkeeper' into text field 'xpath=//div[11]/div/div/input'.</msg>
<status status="PASS" starttime="20221130 15:25:23.671" endtime="20221130 15:25:23.842"/>
</kw>
<status status="PASS" starttime="20221130 15:25:23.670" endtime="20221130 15:25:23.842"/>
</kw>
<kw name="Click Submit button">
<kw name="Click Element" library="SeleniumLibrary">
<arg>xpath=//div[3]/button[1]</arg>
<doc>Click the element identified by ``locator``.</doc>
<msg timestamp="20221130 15:25:23.844" level="INFO">Clicking element 'xpath=//div[3]/button[1]'.</msg>
<status status="PASS" starttime="20221130 15:25:23.843" endtime="20221130 15:25:23.934"/>
</kw>
<status status="PASS" starttime="20221130 15:25:23.842" endtime="20221130 15:25:23.934"/>
</kw>
<kw name="Check field alert">
<kw name="Wait Until Element Is Visible" library="SeleniumLibrary">
<arg>${FIELDALERT}</arg>
<doc>Waits until the element ``locator`` is visible.</doc>
<status status="PASS" starttime="20221130 15:25:23.935" endtime="20221130 15:25:23.981"/>
</kw>
<status status="PASS" starttime="20221130 15:25:23.934" endtime="20221130 15:25:23.982"/>
</kw>
<kw name="Close Browser" library="SeleniumLibrary">
<doc>Closes the current browser.</doc>
<status status="PASS" starttime="20221130 15:25:23.982" endtime="20221130 15:25:24.189"/>
</kw>
<status status="PASS" starttime="20221130 15:25:16.240" endtime="20221130 15:25:24.189"/>
</test>
<test id="s1-t6" name="Adding a player to the database with invalid age" line="95">
<kw name="Open login page">
<kw name="Open Browser" library="SeleniumLibrary">
<arg>${LOGIN URL}</arg>
<arg>${BROWSER}</arg>
<doc>Opens a new browser instance to the optional ``url``.</doc>
<msg timestamp="20221130 15:25:24.192" level="INFO">Opening browser 'Chrome' to base url 'https://scouts-test.futbolkolektyw.pl/en'.</msg>
<status status="PASS" starttime="20221130 15:25:24.191" endtime="20221130 15:25:28.318"/>
</kw>
<kw name="Title Should Be" library="SeleniumLibrary">
<arg>Scouts panel - sign in</arg>
<doc>Verifies that the current page title equals ``title``.</doc>
<msg timestamp="20221130 15:25:28.327" level="INFO">Page title is 'Scouts panel - sign in'.</msg>
<status status="PASS" starttime="20221130 15:25:28.319" endtime="20221130 15:25:28.328"/>
</kw>
<status status="PASS" starttime="20221130 15:25:24.191" endtime="20221130 15:25:28.328"/>
</kw>
<kw name="Type in email">
<kw name="Input Text" library="SeleniumLibrary">
<arg>${EMAILINPUT}</arg>
<arg>user01@getnada.com</arg>
<doc>Types the given ``text`` into the text field identified by ``locator``.</doc>
<msg timestamp="20221130 15:25:28.330" level="INFO">Typing text 'user01@getnada.com' into text field 'xpath=//*[@id='login']'.</msg>
<status status="PASS" starttime="20221130 15:25:28.329" endtime="20221130 15:25:28.598"/>
</kw>
<status status="PASS" starttime="20221130 15:25:28.328" endtime="20221130 15:25:28.599"/>
</kw>
<kw name="Type in password">
<kw name="Input Text" library="SeleniumLibrary">
<arg>${PASSWORDINPUT}</arg>
<arg>Test-1234</arg>
<doc>Types the given ``text`` into the text field identified by ``locator``.</doc>
<msg timestamp="20221130 15:25:28.601" level="INFO">Typing text 'Test-1234' into text field 'xpath=//*[@id='password']'.</msg>
<status status="PASS" starttime="20221130 15:25:28.600" endtime="20221130 15:25:28.749"/>
</kw>
<status status="PASS" starttime="20221130 15:25:28.599" endtime="20221130 15:25:28.750"/>
</kw>
<kw name="Click on the submit button">
<kw name="Click Element" library="SeleniumLibrary">
<arg>xpath=//button[@type='submit']</arg>
<doc>Click the element identified by ``locator``.</doc>
<msg timestamp="20221130 15:25:28.752" level="INFO">Clicking element 'xpath=//button[@type='submit']'.</msg>
<status status="PASS" starttime="20221130 15:25:28.751" endtime="20221130 15:25:28.820"/>
</kw>
<status status="PASS" starttime="20221130 15:25:28.750" endtime="20221130 15:25:28.820"/>
</kw>
<kw name="Assert dashboard">
<kw name="Wait Until Element Is Visible" library="SeleniumLibrary">
<arg>${PAGELOGO}</arg>
<doc>Waits until the element ``locator`` is visible.</doc>
<status status="PASS" starttime="20221130 15:25:28.821" endtime="20221130 15:25:29.967"/>
</kw>
<kw name="Title Should Be" library="SeleniumLibrary">
<arg>Scouts panel</arg>
<doc>Verifies that the current page title equals ``title``.</doc>
<msg timestamp="20221130 15:25:29.976" level="INFO">Page title is 'Scouts panel'.</msg>
<status status="PASS" starttime="20221130 15:25:29.967" endtime="20221130 15:25:29.976"/>
</kw>
<kw name="Capture Page Screenshot" library="SeleniumLibrary">
<arg>alert.png</arg>
<doc>Takes a screenshot of the current page and embeds it into a log file.</doc>
<msg timestamp="20221130 15:25:30.331" level="INFO" html="true">&lt;/td&gt;&lt;/tr&gt;&lt;tr&gt;&lt;td colspan="3"&gt;&lt;a href="alert.png"&gt;&lt;img src="alert.png" width="800px"&gt;&lt;/a&gt;</msg>
<status status="PASS" starttime="20221130 15:25:29.976" endtime="20221130 15:25:30.331"/>
</kw>
<status status="PASS" starttime="20221130 15:25:28.820" endtime="20221130 15:25:30.331"/>
</kw>
<kw name="Click Add player button">
<kw name="Click Element" library="SeleniumLibrary">
<arg>xpath=//div[2]/div/div/a/button/span[1]</arg>
<doc>Click the element identified by ``locator``.</doc>
<msg timestamp="20221130 15:25:30.333" level="INFO">Clicking element 'xpath=//div[2]/div/div/a/button/span[1]'.</msg>
<status status="PASS" starttime="20221130 15:25:30.332" endtime="20221130 15:25:30.499"/>
</kw>
<status status="PASS" starttime="20221130 15:25:30.332" endtime="20221130 15:25:30.500"/>
</kw>
<kw name="Type in player's email">
<kw name="Input Text" library="SeleniumLibrary">
<arg>${PLAYERSEMAIL}</arg>
<arg>1234@gmail.com</arg>
<doc>Types the given ``text`` into the text field identified by ``locator``.</doc>
<msg timestamp="20221130 15:25:30.502" level="INFO">Typing text '1234@gmail.com' into text field 'xpath=//div[1]/div/div/input'.</msg>
<status status="PASS" starttime="20221130 15:25:30.501" endtime="20221130 15:25:30.725"/>
</kw>
<status status="PASS" starttime="20221130 15:25:30.500" endtime="20221130 15:25:30.726"/>
</kw>
<kw name="Type in player's name">
<kw name="Input Text" library="SeleniumLibrary">
<arg>${PLAYERSNAME}</arg>
<arg>A</arg>
<doc>Types the given ``text`` into the text field identified by ``locator``.</doc>
<msg timestamp="20221130 15:25:30.727" level="INFO">Typing text 'A' into text field 'xpath=//div[2]/div/div/input'.</msg>
<status status="PASS" starttime="20221130 15:25:30.726" endtime="20221130 15:25:30.875"/>
</kw>
<status status="PASS" starttime="20221130 15:25:30.726" endtime="20221130 15:25:30.876"/>
</kw>
<kw name="Type in player's surname">
<kw name="Input Text" library="SeleniumLibrary">
<arg>${PLAYERSSURNAME}</arg>
<arg>B</arg>
<doc>Types the given ``text`` into the text field identified by ``locator``.</doc>
<msg timestamp="20221130 15:25:30.879" level="INFO">Typing text 'B' into text field 'xpath=//div[3]/div/div/input'.</msg>
<status status="PASS" starttime="20221130 15:25:30.877" endtime="20221130 15:25:30.995"/>
</kw>
<status status="PASS" starttime="20221130 15:25:30.876" endtime="20221130 15:25:30.995"/>
</kw>
<kw name="Type in player's phone">
<kw name="Input Text" library="SeleniumLibrary">
<arg>${PLAYERSPHONE}</arg>
<arg>12345678</arg>
<doc>Types the given ``text`` into the text field identified by ``locator``.</doc>
<msg timestamp="20221130 15:25:30.997" level="INFO">Typing text '12345678' into text field 'xpath=//div[4]/div/div/input'.</msg>
<status status="PASS" starttime="20221130 15:25:30.996" endtime="20221130 15:25:31.152"/>
</kw>
<status status="PASS" starttime="20221130 15:25:30.995" endtime="20221130 15:25:31.152"/>
</kw>
<kw name="Type in player's weight">
<kw name="Input Text" library="SeleniumLibrary">
<arg>${PLAYERSWEIGHT}</arg>
<arg>80</arg>
<doc>Types the given ``text`` into the text field identified by ``locator``.</doc>
<msg timestamp="20221130 15:25:31.155" level="INFO">Typing text '80' into text field 'xpath=//div[5]/div/div/input'.</msg>
<status status="PASS" starttime="20221130 15:25:31.153" endtime="20221130 15:25:31.280"/>
</kw>
<status status="PASS" starttime="20221130 15:25:31.153" endtime="20221130 15:25:31.281"/>
</kw>
<kw name="Select player's leg">
<kw name="Click Element" library="SeleniumLibrary">
<arg>xpath=//*[@id='mui-component-select-leg']</arg>
<doc>Click the element identified by ``locator``.</doc>
<msg timestamp="20221130 15:25:31.283" level="INFO">Clicking element 'xpath=//*[@id='mui-component-select-leg']'.</msg>
<status status="PASS" starttime="20221130 15:25:31.282" endtime="20221130 15:25:31.368"/>
</kw>
<kw name="Click Element" library="SeleniumLibrary">
<arg>xpath=//*[@id='menu-leg']/div[3]/ul/li[1]</arg>
<doc>Click the element identified by ``locator``.</doc>
<msg timestamp="20221130 15:25:31.370" level="INFO">Clicking element 'xpath=//*[@id='menu-leg']/div[3]/ul/li[1]'.</msg>
<status status="PASS" starttime="20221130 15:25:31.369" endtime="20221130 15:25:31.461"/>
</kw>
<status status="PASS" starttime="20221130 15:25:31.281" endtime="20221130 15:25:31.462"/>
</kw>
<kw name="Type in player's invalid age">
<kw name="Input Text" library="SeleniumLibrary">
<arg>${PLAYERSAGE}</arg>
<arg>1010100000</arg>
<doc>Types the given ``text`` into the text field identified by ``locator``.</doc>
<msg timestamp="20221130 15:25:31.464" level="INFO">Typing text '1010100000' into text field 'xpath=//div[7]/div/div/input'.</msg>
<status status="PASS" starttime="20221130 15:25:31.463" endtime="20221130 15:25:31.664"/>
</kw>
<status status="PASS" starttime="20221130 15:25:31.462" endtime="20221130 15:25:31.665"/>
</kw>
<kw name="Type in player's main position">
<kw name="Input Text" library="SeleniumLibrary">
<arg>${PLAYERSMAINPOSITION}</arg>
<arg>goalkeeper</arg>
<doc>Types the given ``text`` into the text field identified by ``locator``.</doc>
<msg timestamp="20221130 15:25:31.668" level="INFO">Typing text 'goalkeeper' into text field 'xpath=//div[11]/div/div/input'.</msg>
<status status="PASS" starttime="20221130 15:25:31.667" endtime="20221130 15:25:31.832"/>
</kw>
<status status="PASS" starttime="20221130 15:25:31.665" endtime="20221130 15:25:31.833"/>
</kw>
<kw name="Click Submit button">
<kw name="Click Element" library="SeleniumLibrary">
<arg>xpath=//div[3]/button[1]</arg>
<doc>Click the element identified by ``locator``.</doc>
<msg timestamp="20221130 15:25:31.835" level="INFO">Clicking element 'xpath=//div[3]/button[1]'.</msg>
<status status="PASS" starttime="20221130 15:25:31.834" endtime="20221130 15:25:31.947"/>
</kw>
<status status="PASS" starttime="20221130 15:25:31.833" endtime="20221130 15:25:31.948"/>
</kw>
<kw name="Check that player is not added">
<kw name="Wait Until Element Is Visible" library="SeleniumLibrary">
<arg>${CANNOTADDPLAYER}</arg>
<doc>Waits until the element ``locator`` is visible.</doc>
<status status="PASS" starttime="20221130 15:25:31.949" endtime="20221130 15:25:32.433"/>
</kw>
<status status="PASS" starttime="20221130 15:25:31.949" endtime="20221130 15:25:32.433"/>
</kw>
<kw name="Close Browser" library="SeleniumLibrary">
<doc>Closes the current browser.</doc>
<status status="PASS" starttime="20221130 15:25:32.433" endtime="20221130 15:25:32.585"/>
</kw>
<status status="PASS" starttime="20221130 15:25:24.190" endtime="20221130 15:25:32.586"/>
</test>
<doc>Suite description #automated tests for scout website</doc>
<status status="PASS" starttime="20221130 15:24:48.451" endtime="20221130 15:25:32.589"/>
</suite>
<statistics>
<total>
<stat pass="6" fail="0" skip="0">All Tests</stat>
</total>
<tag>
</tag>
<suite>
<stat pass="6" fail="0" skip="0" id="s1" name="Test Login Rf">Test Login Rf</stat>
</suite>
</statistics>
<errors>
</errors>
</robot>
