<?xml version="1.0" encoding="UTF-8"?>
<robot generator="Robot 6.0.1 (Python 3.8.9 on darwin)" generated="20221206 21:11:39.522" rpa="false" schemaversion="3">
<suite id="s1" name="Test Login Rf" source="/Users/nastya/Documents/PyCharmProjects/test_robotframework_AV/test_login_rf.robot">
<test id="s1-t1" name="Log in to the system" line="31">
<kw name="Open login page">
<kw name="Open Browser" library="SeleniumLibrary">
<arg>${LOGIN URL}</arg>
<arg>${BROWSER}</arg>
<doc>Opens a new browser instance to the optional ``url``.</doc>
<msg timestamp="20221206 21:11:39.871" level="INFO">Opening browser 'Chrome' to base url 'https://scouts.futbolkolektyw.pl/en/'.</msg>
<status status="PASS" starttime="20221206 21:11:39.870" endtime="20221206 21:11:43.737"/>
</kw>
<kw name="Title Should Be" library="SeleniumLibrary">
<arg>Scouts panel - sign in</arg>
<doc>Verifies that the current page title equals ``title``.</doc>
<msg timestamp="20221206 21:11:43.749" level="INFO">Page title is 'Scouts panel - sign in'.</msg>
<status status="PASS" starttime="20221206 21:11:43.738" endtime="20221206 21:11:43.749"/>
</kw>
<status status="PASS" starttime="20221206 21:11:39.869" endtime="20221206 21:11:43.749"/>
</kw>
<kw name="Type in email">
<kw name="Input Text" library="SeleniumLibrary">
<arg>${EMAILINPUT}</arg>
<arg>user01@getnada.com</arg>
<doc>Types the given ``text`` into the text field identified by ``locator``.</doc>
<msg timestamp="20221206 21:11:43.751" level="INFO">Typing text 'user01@getnada.com' into text field 'xpath=//*[@id='login']'.</msg>
<status status="PASS" starttime="20221206 21:11:43.750" endtime="20221206 21:11:44.084"/>
</kw>
<status status="PASS" starttime="20221206 21:11:43.749" endtime="20221206 21:11:44.084"/>
</kw>
<kw name="Type in password">
<kw name="Input Text" library="SeleniumLibrary">
<arg>${PASSWORDINPUT}</arg>
<arg>Test-1234</arg>
<doc>Types the given ``text`` into the text field identified by ``locator``.</doc>
<msg timestamp="20221206 21:11:44.086" level="INFO">Typing text 'Test-1234' into text field 'xpath=//*[@id='password']'.</msg>
<status status="PASS" starttime="20221206 21:11:44.085" endtime="20221206 21:11:44.242"/>
</kw>
<status status="PASS" starttime="20221206 21:11:44.084" endtime="20221206 21:11:44.243"/>
</kw>
<kw name="Click on the submit button">
<kw name="Click Element" library="SeleniumLibrary">
<arg>${SIGNINBUTTON}</arg>
<doc>Click the element identified by ``locator``.</doc>
<msg timestamp="20221206 21:11:44.245" level="INFO">Clicking element 'xpath=//button[@type='submit']'.</msg>
<status status="PASS" starttime="20221206 21:11:44.244" endtime="20221206 21:11:44.319"/>
</kw>
<status status="PASS" starttime="20221206 21:11:44.243" endtime="20221206 21:11:44.319"/>
</kw>
<kw name="Assert dashboard">
<kw name="Wait Until Element Is Visible" library="SeleniumLibrary">
<arg>${PAGELOGO}</arg>
<doc>Waits until the element ``locator`` is visible.</doc>
<status status="PASS" starttime="20221206 21:11:44.320" endtime="20221206 21:11:45.969"/>
</kw>
<kw name="Title Should Be" library="SeleniumLibrary">
<arg>Scouts panel</arg>
<doc>Verifies that the current page title equals ``title``.</doc>
<msg timestamp="20221206 21:11:46.522" level="INFO" html="true">&lt;/td&gt;&lt;/tr&gt;&lt;tr&gt;&lt;td colspan="3"&gt;&lt;a href="selenium-screenshot-25.png"&gt;&lt;img src="selenium-screenshot-25.png" width="800px"&gt;&lt;/a&gt;</msg>
<msg timestamp="20221206 21:11:46.522" level="FAIL">Title should have been 'Scouts panel' but was 'PANEL SKAUTINGOWY'.</msg>
<status status="FAIL" starttime="20221206 21:11:45.970" endtime="20221206 21:11:46.526"/>
</kw>
<kw name="Capture Page Screenshot" library="SeleniumLibrary">
<arg>alert.png</arg>
<doc>Takes a screenshot of the current page and embeds it into a log file.</doc>
<status status="NOT RUN" starttime="20221206 21:11:46.527" endtime="20221206 21:11:46.527"/>
</kw>
<status status="FAIL" starttime="20221206 21:11:44.319" endtime="20221206 21:11:46.527"/>
</kw>
<kw name="Close Browser" library="SeleniumLibrary">
<doc>Closes the current browser.</doc>
<status status="NOT RUN" starttime="20221206 21:11:46.527" endtime="20221206 21:11:46.527"/>
</kw>
<status status="FAIL" starttime="20221206 21:11:39.868" endtime="20221206 21:11:46.528">Title should have been 'Scouts panel' but was 'PANEL SKAUTINGOWY'.</status>
</test>
<test id="s1-t2" name="Add a player" line="39">
<kw name="Open login page">
<kw name="Open Browser" library="SeleniumLibrary">
<arg>${LOGIN URL}</arg>
<arg>${BROWSER}</arg>
<doc>Opens a new browser instance to the optional ``url``.</doc>
<msg timestamp="20221206 21:11:46.532" level="INFO">Opening browser 'Chrome' to base url 'https://scouts.futbolkolektyw.pl/en/'.</msg>
<status status="PASS" starttime="20221206 21:11:46.531" endtime="20221206 21:11:51.454"/>
</kw>
<kw name="Title Should Be" library="SeleniumLibrary">
<arg>Scouts panel - sign in</arg>
<doc>Verifies that the current page title equals ``title``.</doc>
<msg timestamp="20221206 21:11:51.461" level="INFO">Page title is 'Scouts panel - sign in'.</msg>
<status status="PASS" starttime="20221206 21:11:51.454" endtime="20221206 21:11:51.461"/>
</kw>
<status status="PASS" starttime="20221206 21:11:46.531" endtime="20221206 21:11:51.461"/>
</kw>
<kw name="Type in email">
<kw name="Input Text" library="SeleniumLibrary">
<arg>${EMAILINPUT}</arg>
<arg>user01@getnada.com</arg>
<doc>Types the given ``text`` into the text field identified by ``locator``.</doc>
<msg timestamp="20221206 21:11:51.463" level="INFO">Typing text 'user01@getnada.com' into text field 'xpath=//*[@id='login']'.</msg>
<status status="PASS" starttime="20221206 21:11:51.462" endtime="20221206 21:11:51.773"/>
</kw>
<status status="PASS" starttime="20221206 21:11:51.462" endtime="20221206 21:11:51.774"/>
</kw>
<kw name="Type in password">
<kw name="Input Text" library="SeleniumLibrary">
<arg>${PASSWORDINPUT}</arg>
<arg>Test-1234</arg>
<doc>Types the given ``text`` into the text field identified by ``locator``.</doc>
<msg timestamp="20221206 21:11:51.777" level="INFO">Typing text 'Test-1234' into text field 'xpath=//*[@id='password']'.</msg>
<status status="PASS" starttime="20221206 21:11:51.775" endtime="20221206 21:11:51.944"/>
</kw>
<status status="PASS" starttime="20221206 21:11:51.774" endtime="20221206 21:11:51.944"/>
</kw>
<kw name="Click on the submit button">
<kw name="Click Element" library="SeleniumLibrary">
<arg>${SIGNINBUTTON}</arg>
<doc>Click the element identified by ``locator``.</doc>
<msg timestamp="20221206 21:11:51.946" level="INFO">Clicking element 'xpath=//button[@type='submit']'.</msg>
<status status="PASS" starttime="20221206 21:11:51.945" endtime="20221206 21:11:52.031"/>
</kw>
<status status="PASS" starttime="20221206 21:11:51.945" endtime="20221206 21:11:52.031"/>
</kw>
<kw name="Click Add player button">
<kw name="Wait Until Element Is Visible" library="SeleniumLibrary">
<arg>${ADDPLAYER}</arg>
<doc>Waits until the element ``locator`` is visible.</doc>
<status status="PASS" starttime="20221206 21:11:52.032" endtime="20221206 21:11:53.400"/>
</kw>
<kw name="Click Element" library="SeleniumLibrary">
<arg>${ADDPLAYER}</arg>
<doc>Click the element identified by ``locator``.</doc>
<msg timestamp="20221206 21:11:53.401" level="INFO">Clicking element 'xpath=//div[2]/div/div/a/button/span[1]'.</msg>
<status status="PASS" starttime="20221206 21:11:53.400" endtime="20221206 21:11:53.677"/>
</kw>
<status status="PASS" starttime="20221206 21:11:52.031" endtime="20221206 21:11:53.677"/>
</kw>
<kw name="Type in player's email">
<kw name="Input Text" library="SeleniumLibrary">
<arg>${PLAYERSEMAIL}</arg>
<arg>1234@gmail.com</arg>
<doc>Types the given ``text`` into the text field identified by ``locator``.</doc>
<msg timestamp="20221206 21:11:53.679" level="INFO">Typing text '1234@gmail.com' into text field 'xpath=//div[1]/div/div/input'.</msg>
<status status="PASS" starttime="20221206 21:11:53.678" endtime="20221206 21:11:53.925"/>
</kw>
<status status="PASS" starttime="20221206 21:11:53.678" endtime="20221206 21:11:53.925"/>
</kw>
<kw name="Type in player's name">
<kw name="Input Text" library="SeleniumLibrary">
<arg>${PLAYERSNAME}</arg>
<arg>A</arg>
<doc>Types the given ``text`` into the text field identified by ``locator``.</doc>
<msg timestamp="20221206 21:11:53.927" level="INFO">Typing text 'A' into text field 'xpath=//div[2]/div/div/input'.</msg>
<status status="PASS" starttime="20221206 21:11:53.927" endtime="20221206 21:11:54.073"/>
</kw>
<status status="PASS" starttime="20221206 21:11:53.926" endtime="20221206 21:11:54.073"/>
</kw>
<kw name="Type in player's surname">
<kw name="Input Text" library="SeleniumLibrary">
<arg>${PLAYERSSURNAME}</arg>
<arg>B</arg>
<doc>Types the given ``text`` into the text field identified by ``locator``.</doc>
<msg timestamp="20221206 21:11:54.077" level="INFO">Typing text 'B' into text field 'xpath=//div[3]/div/div/input'.</msg>
<status status="PASS" starttime="20221206 21:11:54.075" endtime="20221206 21:11:54.237"/>
</kw>
<status status="PASS" starttime="20221206 21:11:54.073" endtime="20221206 21:11:54.238"/>
</kw>
<kw name="Type in player's phone">
<kw name="Input Text" library="SeleniumLibrary">
<arg>${PLAYERSPHONE}</arg>
<arg>12345678</arg>
<doc>Types the given ``text`` into the text field identified by ``locator``.</doc>
<msg timestamp="20221206 21:11:54.239" level="INFO">Typing text '12345678' into text field 'xpath=//div[4]/div/div/input'.</msg>
<status status="PASS" starttime="20221206 21:11:54.238" endtime="20221206 21:11:54.411"/>
</kw>
<status status="PASS" starttime="20221206 21:11:54.238" endtime="20221206 21:11:54.412"/>
</kw>
<kw name="Type in player's weight">
<kw name="Input Text" library="SeleniumLibrary">
<arg>${PLAYERSWEIGHT}</arg>
<arg>80</arg>
<doc>Types the given ``text`` into the text field identified by ``locator``.</doc>
<msg timestamp="20221206 21:11:54.414" level="INFO">Typing text '80' into text field 'xpath=//div[5]/div/div/input'.</msg>
<status status="PASS" starttime="20221206 21:11:54.413" endtime="20221206 21:11:54.551"/>
</kw>
<status status="PASS" starttime="20221206 21:11:54.412" endtime="20221206 21:11:54.551"/>
</kw>
<kw name="Select player's left leg">
<kw name="Click Element" library="SeleniumLibrary">
<arg>${PLAYERSLEGDROPDOWN}</arg>
<doc>Click the element identified by ``locator``.</doc>
<msg timestamp="20221206 21:11:54.553" level="INFO">Clicking element 'xpath=//*[@id='mui-component-select-leg']'.</msg>
<status status="PASS" starttime="20221206 21:11:54.552" endtime="20221206 21:11:54.655"/>
</kw>
<kw name="Click Element" library="SeleniumLibrary">
<arg>${LEFTLEG}</arg>
<doc>Click the element identified by ``locator``.</doc>
<msg timestamp="20221206 21:11:54.656" level="INFO">Clicking element 'xpath=//*[@id='menu-leg']/div[3]/ul/li[2]'.</msg>
<status status="PASS" starttime="20221206 21:11:54.655" endtime="20221206 21:11:54.750"/>
</kw>
<status status="PASS" starttime="20221206 21:11:54.552" endtime="20221206 21:11:54.750"/>
</kw>
<kw name="Type in player's age">
<kw name="Input Text" library="SeleniumLibrary">
<arg>${PLAYERSAGE}</arg>
<arg>10102000</arg>
<doc>Types the given ``text`` into the text field identified by ``locator``.</doc>
<msg timestamp="20221206 21:11:54.754" level="INFO">Typing text '10102000' into text field 'xpath=//div[7]/div/div/input'.</msg>
<status status="PASS" starttime="20221206 21:11:54.752" endtime="20221206 21:11:54.924"/>
</kw>
<status status="PASS" starttime="20221206 21:11:54.751" endtime="20221206 21:11:54.925"/>
</kw>
<kw name="Type in player's main position">
<kw name="Input Text" library="SeleniumLibrary">
<arg>${PLAYERSMAINPOSITION}</arg>
<arg>goalkeeper</arg>
<doc>Types the given ``text`` into the text field identified by ``locator``.</doc>
<msg timestamp="20221206 21:11:54.928" level="INFO">Typing text 'goalkeeper' into text field 'xpath=//div[11]/div/div/input'.</msg>
<status status="PASS" starttime="20221206 21:11:54.927" endtime="20221206 21:11:55.123"/>
</kw>
<status status="PASS" starttime="20221206 21:11:54.926" endtime="20221206 21:11:55.124"/>
</kw>
<kw name="Click Submit button">
<kw name="Click Element" library="SeleniumLibrary">
<arg>${SUBMITBUTTON}</arg>
<doc>Click the element identified by ``locator``.</doc>
<msg timestamp="20221206 21:11:55.127" level="INFO">Clicking element 'xpath=//div[3]/button[1]'.</msg>
<status status="PASS" starttime="20221206 21:11:55.125" endtime="20221206 21:11:55.232"/>
</kw>
<status status="PASS" starttime="20221206 21:11:55.124" endtime="20221206 21:11:55.233"/>
</kw>
<kw name="Check that player is added">
<kw name="Wait Until Element Is Visible" library="SeleniumLibrary">
<arg>${PLAYERADDED}</arg>
<doc>Waits until the element ``locator`` is visible.</doc>
<msg timestamp="20221206 21:12:00.779" level="INFO" html="true">&lt;/td&gt;&lt;/tr&gt;&lt;tr&gt;&lt;td colspan="3"&gt;&lt;a href="selenium-screenshot-26.png"&gt;&lt;img src="selenium-screenshot-26.png" width="800px"&gt;&lt;/a&gt;</msg>
<msg timestamp="20221206 21:12:00.780" level="FAIL">Element 'xpath=//*[contains(text(), 'Added player.')]' not visible after 5 seconds.</msg>
<status status="FAIL" starttime="20221206 21:11:55.234" endtime="20221206 21:12:00.782"/>
</kw>
<status status="FAIL" starttime="20221206 21:11:55.233" endtime="20221206 21:12:00.782"/>
</kw>
<kw name="Close Browser" library="SeleniumLibrary">
<doc>Closes the current browser.</doc>
<status status="NOT RUN" starttime="20221206 21:12:00.783" endtime="20221206 21:12:00.783"/>
</kw>
<status status="FAIL" starttime="20221206 21:11:46.530" endtime="20221206 21:12:00.783">Element 'xpath=//*[contains(text(), 'Added player.')]' not visible after 5 seconds.</status>
</test>
<test id="s1-t3" name="Login to the system with invalid credentials" line="58">
<kw name="Open login page">
<kw name="Open Browser" library="SeleniumLibrary">
<arg>${LOGIN URL}</arg>
<arg>${BROWSER}</arg>
<doc>Opens a new browser instance to the optional ``url``.</doc>
<msg timestamp="20221206 21:12:00.790" level="INFO">Opening browser 'Chrome' to base url 'https://scouts.futbolkolektyw.pl/en/'.</msg>
<status status="PASS" starttime="20221206 21:12:00.788" endtime="20221206 21:12:05.500"/>
</kw>
<kw name="Title Should Be" library="SeleniumLibrary">
<arg>Scouts panel - sign in</arg>
<doc>Verifies that the current page title equals ``title``.</doc>
<msg timestamp="20221206 21:12:05.508" level="INFO">Page title is 'Scouts panel - sign in'.</msg>
<status status="PASS" starttime="20221206 21:12:05.501" endtime="20221206 21:12:05.508"/>
</kw>
<status status="PASS" starttime="20221206 21:12:00.787" endtime="20221206 21:12:05.509"/>
</kw>
<kw name="Type in invalid email">
<kw name="Input Text" library="SeleniumLibrary">
<arg>${EMAILINPUT}</arg>
<arg>user01@getnada2.com</arg>
<doc>Types the given ``text`` into the text field identified by ``locator``.</doc>
<msg timestamp="20221206 21:12:05.511" level="INFO">Typing text 'user01@getnada2.com' into text field 'xpath=//*[@id='login']'.</msg>
<status status="PASS" starttime="20221206 21:12:05.510" endtime="20221206 21:12:05.827"/>
</kw>
<status status="PASS" starttime="20221206 21:12:05.509" endtime="20221206 21:12:05.828"/>
</kw>
<kw name="Type in invalid password">
<kw name="Input Text" library="SeleniumLibrary">
<arg>${PASSWORDINPUT}</arg>
<arg>Test-4321</arg>
<doc>Types the given ``text`` into the text field identified by ``locator``.</doc>
<msg timestamp="20221206 21:12:05.830" level="INFO">Typing text 'Test-4321' into text field 'xpath=//*[@id='password']'.</msg>
<status status="PASS" starttime="20221206 21:12:05.829" endtime="20221206 21:12:05.985"/>
</kw>
<status status="PASS" starttime="20221206 21:12:05.828" endtime="20221206 21:12:05.985"/>
</kw>
<kw name="Click on the submit button">
<kw name="Click Element" library="SeleniumLibrary">
<arg>${SIGNINBUTTON}</arg>
<doc>Click the element identified by ``locator``.</doc>
<msg timestamp="20221206 21:12:05.987" level="INFO">Clicking element 'xpath=//button[@type='submit']'.</msg>
<status status="PASS" starttime="20221206 21:12:05.986" endtime="20221206 21:12:06.071"/>
</kw>
<status status="PASS" starttime="20221206 21:12:05.985" endtime="20221206 21:12:06.072"/>
</kw>
<kw name="Check Identifier or password invalid message">
<kw name="Wait Until Element Is Visible" library="SeleniumLibrary">
<arg>${IDENTIFIERORPASSWORDINVALID}</arg>
<doc>Waits until the element ``locator`` is visible.</doc>
<status status="PASS" starttime="20221206 21:12:06.073" endtime="20221206 21:12:06.340"/>
</kw>
<status status="PASS" starttime="20221206 21:12:06.072" endtime="20221206 21:12:06.340"/>
</kw>
<kw name="Close Browser" library="SeleniumLibrary">
<doc>Closes the current browser.</doc>
<status status="PASS" starttime="20221206 21:12:06.340" endtime="20221206 21:12:06.489"/>
</kw>
<status status="PASS" starttime="20221206 21:12:00.785" endtime="20221206 21:12:06.489"/>
</test>
<test id="s1-t4" name="Changing the language of the dashboard" line="66">
<kw name="Open login page">
<kw name="Open Browser" library="SeleniumLibrary">
<arg>${LOGIN URL}</arg>
<arg>${BROWSER}</arg>
<doc>Opens a new browser instance to the optional ``url``.</doc>
<msg timestamp="20221206 21:12:06.493" level="INFO">Opening browser 'Chrome' to base url 'https://scouts.futbolkolektyw.pl/en/'.</msg>
<status status="PASS" starttime="20221206 21:12:06.492" endtime="20221206 21:12:12.052"/>
</kw>
<kw name="Title Should Be" library="SeleniumLibrary">
<arg>Scouts panel - sign in</arg>
<doc>Verifies that the current page title equals ``title``.</doc>
<msg timestamp="20221206 21:12:12.077" level="INFO">Page title is 'Scouts panel - sign in'.</msg>
<status status="PASS" starttime="20221206 21:12:12.053" endtime="20221206 21:12:12.077"/>
</kw>
<status status="PASS" starttime="20221206 21:12:06.491" endtime="20221206 21:12:12.078"/>
</kw>
<kw name="Type in email">
<kw name="Input Text" library="SeleniumLibrary">
<arg>${EMAILINPUT}</arg>
<arg>user01@getnada.com</arg>
<doc>Types the given ``text`` into the text field identified by ``locator``.</doc>
<msg timestamp="20221206 21:12:12.083" level="INFO">Typing text 'user01@getnada.com' into text field 'xpath=//*[@id='login']'.</msg>
<status status="PASS" starttime="20221206 21:12:12.080" endtime="20221206 21:12:12.508"/>
</kw>
<status status="PASS" starttime="20221206 21:12:12.079" endtime="20221206 21:12:12.508"/>
</kw>
<kw name="Type in password">
<kw name="Input Text" library="SeleniumLibrary">
<arg>${PASSWORDINPUT}</arg>
<arg>Test-1234</arg>
<doc>Types the given ``text`` into the text field identified by ``locator``.</doc>
<msg timestamp="20221206 21:12:12.510" level="INFO">Typing text 'Test-1234' into text field 'xpath=//*[@id='password']'.</msg>
<status status="PASS" starttime="20221206 21:12:12.509" endtime="20221206 21:12:12.741"/>
</kw>
<status status="PASS" starttime="20221206 21:12:12.508" endtime="20221206 21:12:12.741"/>
</kw>
<kw name="Click on the submit button">
<kw name="Click Element" library="SeleniumLibrary">
<arg>${SIGNINBUTTON}</arg>
<doc>Click the element identified by ``locator``.</doc>
<msg timestamp="20221206 21:12:12.745" level="INFO">Clicking element 'xpath=//button[@type='submit']'.</msg>
<status status="PASS" starttime="20221206 21:12:12.743" endtime="20221206 21:12:12.906"/>
</kw>
<status status="PASS" starttime="20221206 21:12:12.742" endtime="20221206 21:12:12.906"/>
</kw>
<kw name="Click on the language button">
<kw name="Wait Until Element Is Visible" library="SeleniumLibrary">
<arg>${LANGUAGESELECTOR}</arg>
<doc>Waits until the element ``locator`` is visible.</doc>
<status status="PASS" starttime="20221206 21:12:12.908" endtime="20221206 21:12:14.397"/>
</kw>
<kw name="Click Element" library="SeleniumLibrary">
<arg>${LANGUAGESELECTOR}</arg>
<doc>Click the element identified by ``locator``.</doc>
<msg timestamp="20221206 21:12:14.399" level="INFO">Clicking element 'xpath=//ul[2]/div[1]/div[2]/span'.</msg>
<status status="PASS" starttime="20221206 21:12:14.398" endtime="20221206 21:12:14.626"/>
</kw>
<status status="PASS" starttime="20221206 21:12:12.907" endtime="20221206 21:12:14.626"/>
</kw>
<kw name="Assert language">
<kw name="Element Text Should Be" library="SeleniumLibrary">
<arg>${LANGUAGESELECTOR}</arg>
<arg>English</arg>
<doc>Verifies that element ``locator`` contains exact the text ``expected``.</doc>
<msg timestamp="20221206 21:12:14.630" level="INFO">Verifying element 'xpath=//ul[2]/div[1]/div[2]/span' contains exact text 'English'.</msg>
<status status="PASS" starttime="20221206 21:12:14.628" endtime="20221206 21:12:14.708"/>
</kw>
<status status="PASS" starttime="20221206 21:12:14.627" endtime="20221206 21:12:14.708"/>
</kw>
<kw name="Close Browser" library="SeleniumLibrary">
<doc>Closes the current browser.</doc>
<status status="PASS" starttime="20221206 21:12:14.709" endtime="20221206 21:12:14.878"/>
</kw>
<status status="PASS" starttime="20221206 21:12:06.490" endtime="20221206 21:12:14.879"/>
</test>
<test id="s1-t5" name="Adding a player to the database without a name" line="76">
<kw name="Open login page">
<kw name="Open Browser" library="SeleniumLibrary">
<arg>${LOGIN URL}</arg>
<arg>${BROWSER}</arg>
<doc>Opens a new browser instance to the optional ``url``.</doc>
<msg timestamp="20221206 21:12:14.884" level="INFO">Opening browser 'Chrome' to base url 'https://scouts.futbolkolektyw.pl/en/'.</msg>
<status status="PASS" starttime="20221206 21:12:14.883" endtime="20221206 21:12:19.030"/>
</kw>
<kw name="Title Should Be" library="SeleniumLibrary">
<arg>Scouts panel - sign in</arg>
<doc>Verifies that the current page title equals ``title``.</doc>
<msg timestamp="20221206 21:12:19.040" level="INFO">Page title is 'Scouts panel - sign in'.</msg>
<status status="PASS" starttime="20221206 21:12:19.032" endtime="20221206 21:12:19.040"/>
</kw>
<status status="PASS" starttime="20221206 21:12:14.882" endtime="20221206 21:12:19.041"/>
</kw>
<kw name="Type in email">
<kw name="Input Text" library="SeleniumLibrary">
<arg>${EMAILINPUT}</arg>
<arg>user01@getnada.com</arg>
<doc>Types the given ``text`` into the text field identified by ``locator``.</doc>
<msg timestamp="20221206 21:12:19.043" level="INFO">Typing text 'user01@getnada.com' into text field 'xpath=//*[@id='login']'.</msg>
<status status="PASS" starttime="20221206 21:12:19.042" endtime="20221206 21:12:19.330"/>
</kw>
<status status="PASS" starttime="20221206 21:12:19.041" endtime="20221206 21:12:19.331"/>
</kw>
<kw name="Type in password">
<kw name="Input Text" library="SeleniumLibrary">
<arg>${PASSWORDINPUT}</arg>
<arg>Test-1234</arg>
<doc>Types the given ``text`` into the text field identified by ``locator``.</doc>
<msg timestamp="20221206 21:12:19.333" level="INFO">Typing text 'Test-1234' into text field 'xpath=//*[@id='password']'.</msg>
<status status="PASS" starttime="20221206 21:12:19.332" endtime="20221206 21:12:19.488"/>
</kw>
<status status="PASS" starttime="20221206 21:12:19.331" endtime="20221206 21:12:19.488"/>
</kw>
<kw name="Click on the submit button">
<kw name="Click Element" library="SeleniumLibrary">
<arg>${SIGNINBUTTON}</arg>
<doc>Click the element identified by ``locator``.</doc>
<msg timestamp="20221206 21:12:19.490" level="INFO">Clicking element 'xpath=//button[@type='submit']'.</msg>
<status status="PASS" starttime="20221206 21:12:19.489" endtime="20221206 21:12:19.569"/>
</kw>
<status status="PASS" starttime="20221206 21:12:19.489" endtime="20221206 21:12:19.570"/>
</kw>
<kw name="Click Add player button">
<kw name="Wait Until Element Is Visible" library="SeleniumLibrary">
<arg>${ADDPLAYER}</arg>
<doc>Waits until the element ``locator`` is visible.</doc>
<status status="PASS" starttime="20221206 21:12:19.571" endtime="20221206 21:12:20.937"/>
</kw>
<kw name="Click Element" library="SeleniumLibrary">
<arg>${ADDPLAYER}</arg>
<doc>Click the element identified by ``locator``.</doc>
<msg timestamp="20221206 21:12:20.938" level="INFO">Clicking element 'xpath=//div[2]/div/div/a/button/span[1]'.</msg>
<status status="PASS" starttime="20221206 21:12:20.937" endtime="20221206 21:12:21.179"/>
</kw>
<status status="PASS" starttime="20221206 21:12:19.570" endtime="20221206 21:12:21.180"/>
</kw>
<kw name="Type in player's email">
<kw name="Input Text" library="SeleniumLibrary">
<arg>${PLAYERSEMAIL}</arg>
<arg>1234@gmail.com</arg>
<doc>Types the given ``text`` into the text field identified by ``locator``.</doc>
<msg timestamp="20221206 21:12:21.182" level="INFO">Typing text '1234@gmail.com' into text field 'xpath=//div[1]/div/div/input'.</msg>
<status status="PASS" starttime="20221206 21:12:21.181" endtime="20221206 21:12:21.460"/>
</kw>
<status status="PASS" starttime="20221206 21:12:21.180" endtime="20221206 21:12:21.461"/>
</kw>
<kw name="Don't type in player's name">
<kw name="Click Element" library="SeleniumLibrary">
<arg>${PLAYERSNAME}</arg>
<doc>Click the element identified by ``locator``.</doc>
<msg timestamp="20221206 21:12:21.463" level="INFO">Clicking element 'xpath=//div[2]/div/div/input'.</msg>
<status status="PASS" starttime="20221206 21:12:21.462" endtime="20221206 21:12:21.557"/>
</kw>
<status status="PASS" starttime="20221206 21:12:21.461" endtime="20221206 21:12:21.557"/>
</kw>
<kw name="Type in player's surname">
<kw name="Input Text" library="SeleniumLibrary">
<arg>${PLAYERSSURNAME}</arg>
<arg>B</arg>
<doc>Types the given ``text`` into the text field identified by ``locator``.</doc>
<msg timestamp="20221206 21:12:21.558" level="INFO">Typing text 'B' into text field 'xpath=//div[3]/div/div/input'.</msg>
<status status="PASS" starttime="20221206 21:12:21.558" endtime="20221206 21:12:21.696"/>
</kw>
<status status="PASS" starttime="20221206 21:12:21.557" endtime="20221206 21:12:21.697"/>
</kw>
<kw name="Type in player's phone">
<kw name="Input Text" library="SeleniumLibrary">
<arg>${PLAYERSPHONE}</arg>
<arg>12345678</arg>
<doc>Types the given ``text`` into the text field identified by ``locator``.</doc>
<msg timestamp="20221206 21:12:21.700" level="INFO">Typing text '12345678' into text field 'xpath=//div[4]/div/div/input'.</msg>
<status status="PASS" starttime="20221206 21:12:21.698" endtime="20221206 21:12:21.884"/>
</kw>
<status status="PASS" starttime="20221206 21:12:21.697" endtime="20221206 21:12:21.884"/>
</kw>
<kw name="Type in player's weight">
<kw name="Input Text" library="SeleniumLibrary">
<arg>${PLAYERSWEIGHT}</arg>
<arg>80</arg>
<doc>Types the given ``text`` into the text field identified by ``locator``.</doc>
<msg timestamp="20221206 21:12:21.887" level="INFO">Typing text '80' into text field 'xpath=//div[5]/div/div/input'.</msg>
<status status="PASS" starttime="20221206 21:12:21.886" endtime="20221206 21:12:22.020"/>
</kw>
<status status="PASS" starttime="20221206 21:12:21.885" endtime="20221206 21:12:22.020"/>
</kw>
<kw name="Select player's left leg">
<kw name="Click Element" library="SeleniumLibrary">
<arg>${PLAYERSLEGDROPDOWN}</arg>
<doc>Click the element identified by ``locator``.</doc>
<msg timestamp="20221206 21:12:22.023" level="INFO">Clicking element 'xpath=//*[@id='mui-component-select-leg']'.</msg>
<status status="PASS" starttime="20221206 21:12:22.022" endtime="20221206 21:12:22.130"/>
</kw>
<kw name="Click Element" library="SeleniumLibrary">
<arg>${LEFTLEG}</arg>
<doc>Click the element identified by ``locator``.</doc>
<msg timestamp="20221206 21:12:22.131" level="INFO">Clicking element 'xpath=//*[@id='menu-leg']/div[3]/ul/li[2]'.</msg>
<status status="PASS" starttime="20221206 21:12:22.130" endtime="20221206 21:12:22.222"/>
</kw>
<status status="PASS" starttime="20221206 21:12:22.021" endtime="20221206 21:12:22.222"/>
</kw>
<kw name="Type in player's age">
<kw name="Input Text" library="SeleniumLibrary">
<arg>${PLAYERSAGE}</arg>
<arg>10102000</arg>
<doc>Types the given ``text`` into the text field identified by ``locator``.</doc>
<msg timestamp="20221206 21:12:22.224" level="INFO">Typing text '10102000' into text field 'xpath=//div[7]/div/div/input'.</msg>
<status status="PASS" starttime="20221206 21:12:22.223" endtime="20221206 21:12:22.408"/>
</kw>
<status status="PASS" starttime="20221206 21:12:22.223" endtime="20221206 21:12:22.409"/>
</kw>
<kw name="Type in player's main position">
<kw name="Input Text" library="SeleniumLibrary">
<arg>${PLAYERSMAINPOSITION}</arg>
<arg>goalkeeper</arg>
<doc>Types the given ``text`` into the text field identified by ``locator``.</doc>
<msg timestamp="20221206 21:12:22.411" level="INFO">Typing text 'goalkeeper' into text field 'xpath=//div[11]/div/div/input'.</msg>
<status status="PASS" starttime="20221206 21:12:22.410" endtime="20221206 21:12:22.728"/>
</kw>
<status status="PASS" starttime="20221206 21:12:22.409" endtime="20221206 21:12:22.728"/>
</kw>
<kw name="Click Submit button">
<kw name="Click Element" library="SeleniumLibrary">
<arg>${SUBMITBUTTON}</arg>
<doc>Click the element identified by ``locator``.</doc>
<msg timestamp="20221206 21:12:22.730" level="INFO">Clicking element 'xpath=//div[3]/button[1]'.</msg>
<status status="PASS" starttime="20221206 21:12:22.729" endtime="20221206 21:12:22.837"/>
</kw>
<status status="PASS" starttime="20221206 21:12:22.729" endtime="20221206 21:12:22.837"/>
</kw>
<kw name="Check field alert">
<kw name="Wait Until Element Is Visible" library="SeleniumLibrary">
<arg>${FIELDALERT}</arg>
<doc>Waits until the element ``locator`` is visible.</doc>
<status status="PASS" starttime="20221206 21:12:22.838" endtime="20221206 21:12:22.909"/>
</kw>
<status status="PASS" starttime="20221206 21:12:22.837" endtime="20221206 21:12:22.909"/>
</kw>
<kw name="Close Browser" library="SeleniumLibrary">
<doc>Closes the current browser.</doc>
<status status="PASS" starttime="20221206 21:12:22.910" endtime="20221206 21:12:23.166"/>
</kw>
<status status="PASS" starttime="20221206 21:12:14.880" endtime="20221206 21:12:23.167"/>
</test>
<test id="s1-t6" name="Adding a player to the database with invalid age" line="95">
<kw name="Open login page">
<kw name="Open Browser" library="SeleniumLibrary">
<arg>${LOGIN URL}</arg>
<arg>${BROWSER}</arg>
<doc>Opens a new browser instance to the optional ``url``.</doc>
<msg timestamp="20221206 21:12:23.170" level="INFO">Opening browser 'Chrome' to base url 'https://scouts.futbolkolektyw.pl/en/'.</msg>
<status status="PASS" starttime="20221206 21:12:23.170" endtime="20221206 21:12:27.305"/>
</kw>
<kw name="Title Should Be" library="SeleniumLibrary">
<arg>Scouts panel - sign in</arg>
<doc>Verifies that the current page title equals ``title``.</doc>
<msg timestamp="20221206 21:12:27.314" level="INFO">Page title is 'Scouts panel - sign in'.</msg>
<status status="PASS" starttime="20221206 21:12:27.306" endtime="20221206 21:12:27.315"/>
</kw>
<status status="PASS" starttime="20221206 21:12:23.169" endtime="20221206 21:12:27.315"/>
</kw>
<kw name="Type in email">
<kw name="Input Text" library="SeleniumLibrary">
<arg>${EMAILINPUT}</arg>
<arg>user01@getnada.com</arg>
<doc>Types the given ``text`` into the text field identified by ``locator``.</doc>
<msg timestamp="20221206 21:12:27.317" level="INFO">Typing text 'user01@getnada.com' into text field 'xpath=//*[@id='login']'.</msg>
<status status="PASS" starttime="20221206 21:12:27.316" endtime="20221206 21:12:27.615"/>
</kw>
<status status="PASS" starttime="20221206 21:12:27.315" endtime="20221206 21:12:27.615"/>
</kw>
<kw name="Type in password">
<kw name="Input Text" library="SeleniumLibrary">
<arg>${PASSWORDINPUT}</arg>
<arg>Test-1234</arg>
<doc>Types the given ``text`` into the text field identified by ``locator``.</doc>
<msg timestamp="20221206 21:12:27.618" level="INFO">Typing text 'Test-1234' into text field 'xpath=//*[@id='password']'.</msg>
<status status="PASS" starttime="20221206 21:12:27.617" endtime="20221206 21:12:27.768"/>
</kw>
<status status="PASS" starttime="20221206 21:12:27.616" endtime="20221206 21:12:27.769"/>
</kw>
<kw name="Click on the submit button">
<kw name="Click Element" library="SeleniumLibrary">
<arg>${SIGNINBUTTON}</arg>
<doc>Click the element identified by ``locator``.</doc>
<msg timestamp="20221206 21:12:27.772" level="INFO">Clicking element 'xpath=//button[@type='submit']'.</msg>
<status status="PASS" starttime="20221206 21:12:27.771" endtime="20221206 21:12:27.844"/>
</kw>
<status status="PASS" starttime="20221206 21:12:27.770" endtime="20221206 21:12:27.844"/>
</kw>
<kw name="Click Add player button">
<kw name="Wait Until Element Is Visible" library="SeleniumLibrary">
<arg>${ADDPLAYER}</arg>
<doc>Waits until the element ``locator`` is visible.</doc>
<status status="PASS" starttime="20221206 21:12:27.845" endtime="20221206 21:12:29.178"/>
</kw>
<kw name="Click Element" library="SeleniumLibrary">
<arg>${ADDPLAYER}</arg>
<doc>Click the element identified by ``locator``.</doc>
<msg timestamp="20221206 21:12:29.179" level="INFO">Clicking element 'xpath=//div[2]/div/div/a/button/span[1]'.</msg>
<status status="PASS" starttime="20221206 21:12:29.179" endtime="20221206 21:12:29.267"/>
</kw>
<status status="PASS" starttime="20221206 21:12:27.845" endtime="20221206 21:12:29.267"/>
</kw>
<kw name="Type in player's email">
<kw name="Input Text" library="SeleniumLibrary">
<arg>${PLAYERSEMAIL}</arg>
<arg>1234@gmail.com</arg>
<doc>Types the given ``text`` into the text field identified by ``locator``.</doc>
<msg timestamp="20221206 21:12:29.270" level="INFO">Typing text '1234@gmail.com' into text field 'xpath=//div[1]/div/div/input'.</msg>
<status status="PASS" starttime="20221206 21:12:29.269" endtime="20221206 21:12:29.762"/>
</kw>
<status status="PASS" starttime="20221206 21:12:29.268" endtime="20221206 21:12:29.762"/>
</kw>
<kw name="Type in player's name">
<kw name="Input Text" library="SeleniumLibrary">
<arg>${PLAYERSNAME}</arg>
<arg>A</arg>
<doc>Types the given ``text`` into the text field identified by ``locator``.</doc>
<msg timestamp="20221206 21:12:29.763" level="INFO">Typing text 'A' into text field 'xpath=//div[2]/div/div/input'.</msg>
<status status="PASS" starttime="20221206 21:12:29.762" endtime="20221206 21:12:29.900"/>
</kw>
<status status="PASS" starttime="20221206 21:12:29.762" endtime="20221206 21:12:29.900"/>
</kw>
<kw name="Type in player's surname">
<kw name="Input Text" library="SeleniumLibrary">
<arg>${PLAYERSSURNAME}</arg>
<arg>B</arg>
<doc>Types the given ``text`` into the text field identified by ``locator``.</doc>
<msg timestamp="20221206 21:12:29.902" level="INFO">Typing text 'B' into text field 'xpath=//div[3]/div/div/input'.</msg>
<status status="PASS" starttime="20221206 21:12:29.901" endtime="20221206 21:12:30.064"/>
</kw>
<status status="PASS" starttime="20221206 21:12:29.901" endtime="20221206 21:12:30.064"/>
</kw>
<kw name="Type in player's phone">
<kw name="Input Text" library="SeleniumLibrary">
<arg>${PLAYERSPHONE}</arg>
<arg>12345678</arg>
<doc>Types the given ``text`` into the text field identified by ``locator``.</doc>
<msg timestamp="20221206 21:12:30.065" level="INFO">Typing text '12345678' into text field 'xpath=//div[4]/div/div/input'.</msg>
<status status="PASS" starttime="20221206 21:12:30.065" endtime="20221206 21:12:30.239"/>
</kw>
<status status="PASS" starttime="20221206 21:12:30.064" endtime="20221206 21:12:30.239"/>
</kw>
<kw name="Type in player's weight">
<kw name="Input Text" library="SeleniumLibrary">
<arg>${PLAYERSWEIGHT}</arg>
<arg>80</arg>
<doc>Types the given ``text`` into the text field identified by ``locator``.</doc>
<msg timestamp="20221206 21:12:30.242" level="INFO">Typing text '80' into text field 'xpath=//div[5]/div/div/input'.</msg>
<status status="PASS" starttime="20221206 21:12:30.240" endtime="20221206 21:12:30.382"/>
</kw>
<status status="PASS" starttime="20221206 21:12:30.240" endtime="20221206 21:12:30.382"/>
</kw>
<kw name="Select player's left leg">
<kw name="Click Element" library="SeleniumLibrary">
<arg>${PLAYERSLEGDROPDOWN}</arg>
<doc>Click the element identified by ``locator``.</doc>
<msg timestamp="20221206 21:12:30.383" level="INFO">Clicking element 'xpath=//*[@id='mui-component-select-leg']'.</msg>
<status status="PASS" starttime="20221206 21:12:30.383" endtime="20221206 21:12:30.484"/>
</kw>
<kw name="Click Element" library="SeleniumLibrary">
<arg>${LEFTLEG}</arg>
<doc>Click the element identified by ``locator``.</doc>
<msg timestamp="20221206 21:12:30.485" level="INFO">Clicking element 'xpath=//*[@id='menu-leg']/div[3]/ul/li[2]'.</msg>
<status status="PASS" starttime="20221206 21:12:30.484" endtime="20221206 21:12:30.590"/>
</kw>
<status status="PASS" starttime="20221206 21:12:30.382" endtime="20221206 21:12:30.590"/>
</kw>
<kw name="Type in player's invalid age">
<kw name="Input Text" library="SeleniumLibrary">
<arg>${PLAYERSAGE}</arg>
<arg>1010100000</arg>
<doc>Types the given ``text`` into the text field identified by ``locator``.</doc>
<msg timestamp="20221206 21:12:30.593" level="INFO">Typing text '1010100000' into text field 'xpath=//div[7]/div/div/input'.</msg>
<status status="PASS" starttime="20221206 21:12:30.591" endtime="20221206 21:12:30.798"/>
</kw>
<status status="PASS" starttime="20221206 21:12:30.590" endtime="20221206 21:12:30.798"/>
</kw>
<kw name="Type in player's main position">
<kw name="Input Text" library="SeleniumLibrary">
<arg>${PLAYERSMAINPOSITION}</arg>
<arg>goalkeeper</arg>
<doc>Types the given ``text`` into the text field identified by ``locator``.</doc>
<msg timestamp="20221206 21:12:30.801" level="INFO">Typing text 'goalkeeper' into text field 'xpath=//div[11]/div/div/input'.</msg>
<status status="PASS" starttime="20221206 21:12:30.799" endtime="20221206 21:12:30.995"/>
</kw>
<status status="PASS" starttime="20221206 21:12:30.799" endtime="20221206 21:12:30.996"/>
</kw>
<kw name="Click Submit button">
<kw name="Click Element" library="SeleniumLibrary">
<arg>${SUBMITBUTTON}</arg>
<doc>Click the element identified by ``locator``.</doc>
<msg timestamp="20221206 21:12:30.997" level="INFO">Clicking element 'xpath=//div[3]/button[1]'.</msg>
<status status="PASS" starttime="20221206 21:12:30.997" endtime="20221206 21:12:31.095"/>
</kw>
<status status="PASS" starttime="20221206 21:12:30.996" endtime="20221206 21:12:31.096"/>
</kw>
<kw name="Check that player is not added">
<kw name="Wait Until Element Is Visible" library="SeleniumLibrary">
<arg>${CANNOTADDPLAYER}</arg>
<doc>Waits until the element ``locator`` is visible.</doc>
<msg timestamp="20221206 21:12:36.557" level="INFO" html="true">&lt;/td&gt;&lt;/tr&gt;&lt;tr&gt;&lt;td colspan="3"&gt;&lt;a href="selenium-screenshot-27.png"&gt;&lt;img src="selenium-screenshot-27.png" width="800px"&gt;&lt;/a&gt;</msg>
<msg timestamp="20221206 21:12:36.557" level="FAIL">Element 'xpath=//*[contains(text(), 'Cannot add player.')]' not visible after 5 seconds.</msg>
<status status="FAIL" starttime="20221206 21:12:31.097" endtime="20221206 21:12:36.557"/>
</kw>
<status status="FAIL" starttime="20221206 21:12:31.096" endtime="20221206 21:12:36.558"/>
</kw>
<kw name="Close Browser" library="SeleniumLibrary">
<doc>Closes the current browser.</doc>
<status status="NOT RUN" starttime="20221206 21:12:36.558" endtime="20221206 21:12:36.558"/>
</kw>
<status status="FAIL" starttime="20221206 21:12:23.168" endtime="20221206 21:12:36.558">Element 'xpath=//*[contains(text(), 'Cannot add player.')]' not visible after 5 seconds.</status>
</test>
<doc>Suite description #automated tests for scout website</doc>
<status status="FAIL" starttime="20221206 21:11:39.524" endtime="20221206 21:12:36.560"/>
</suite>
<statistics>
<total>
<stat pass="3" fail="3" skip="0">All Tests</stat>
</total>
<tag>
</tag>
<suite>
<stat pass="3" fail="3" skip="0" id="s1" name="Test Login Rf">Test Login Rf</stat>
</suite>
</statistics>
<errors>
</errors>
</robot>
